<?xml version="1.0" encoding="UTF-8"?>

<project name="junit4-maven-synthetic" default="__default__">
  <!--Define JUnit4 task and data types.-->
  <taskdef resource="com/carrotsearch/junit4/antlib.xml">
    <classpath>
      <pathelement location="/Users/nicolas/.m2/repository/com/carrotsearch/randomizedtesting/junit4-ant/2.3.3/junit4-ant-2.3.3.jar"/>
    </classpath>
    <classpath>
      <pathelement location="/Users/nicolas/.m2/repository/junit/junit/4.12/junit-4.12.jar"/>
      <pathelement location="/Users/nicolas/.m2/repository/org/hamcrest/hamcrest-core/1.3/hamcrest-core-1.3.jar"/>
    </classpath>
  </taskdef>
  <!--Invoke JUnit4 task.-->
  <target name="__default__">
    <junit4 dir="/Users/nicolas/software/flatjsonesplugin/target" tempDir="/Users/nicolas/software/flatjsonesplugin/target" parallelism="1" jvm="java" jvmOutputAction="pipe,warn" ifNoTests="ignore" shuffleOnSlave="true" printSummary="true" isolateWorkingDirectories="true" haltOnFailure="true" leaveTemporary="false" dynamicAssignmentRatio="0.25" sysouts="false" uniqueSuiteNames="true">
      <!--Test classes search paths and patterns.-->
      <fileset dir="/Users/nicolas/software/flatjsonesplugin/target/test-classes" erroronmissingdir="false">
        <patternset>
          <include name="**/Test*.class"/>
          <include name="**/*Test.class"/>
          <exclude name="**/*$*.class"/>
        </patternset>
      </fileset>
      <!--Runtime classpath.-->
      <classpath>
        <!--Test classes directory.-->
        <pathelement location="/Users/nicolas/software/flatjsonesplugin/target/test-classes"/>
        <!--Test classes directory.-->
        <pathelement location="/Users/nicolas/software/flatjsonesplugin/target/classes"/>
        <!--Project dependencies.-->
        <!--Dependency artifact: org.elasticsearch:elasticsearch:jar:5.5.0-->
        <pathelement location="/Users/nicolas/.m2/repository/org/elasticsearch/elasticsearch/5.5.0/elasticsearch-5.5.0.jar"/>
        <!--Dependency artifact: org.apache.lucene:lucene-core:jar:6.6.0-->
        <pathelement location="/Users/nicolas/.m2/repository/org/apache/lucene/lucene-core/6.6.0/lucene-core-6.6.0.jar"/>
        <!--Dependency artifact: org.apache.lucene:lucene-analyzers-common:jar:6.6.0-->
        <pathelement location="/Users/nicolas/.m2/repository/org/apache/lucene/lucene-analyzers-common/6.6.0/lucene-analyzers-common-6.6.0.jar"/>
        <!--Dependency artifact: org.apache.lucene:lucene-backward-codecs:jar:6.6.0-->
        <pathelement location="/Users/nicolas/.m2/repository/org/apache/lucene/lucene-backward-codecs/6.6.0/lucene-backward-codecs-6.6.0.jar"/>
        <!--Dependency artifact: org.apache.lucene:lucene-grouping:jar:6.6.0-->
        <pathelement location="/Users/nicolas/.m2/repository/org/apache/lucene/lucene-grouping/6.6.0/lucene-grouping-6.6.0.jar"/>
        <!--Dependency artifact: org.apache.lucene:lucene-highlighter:jar:6.6.0-->
        <pathelement location="/Users/nicolas/.m2/repository/org/apache/lucene/lucene-highlighter/6.6.0/lucene-highlighter-6.6.0.jar"/>
        <!--Dependency artifact: org.apache.lucene:lucene-join:jar:6.6.0-->
        <pathelement location="/Users/nicolas/.m2/repository/org/apache/lucene/lucene-join/6.6.0/lucene-join-6.6.0.jar"/>
        <!--Dependency artifact: org.apache.lucene:lucene-memory:jar:6.6.0-->
        <pathelement location="/Users/nicolas/.m2/repository/org/apache/lucene/lucene-memory/6.6.0/lucene-memory-6.6.0.jar"/>
        <!--Dependency artifact: org.apache.lucene:lucene-misc:jar:6.6.0-->
        <pathelement location="/Users/nicolas/.m2/repository/org/apache/lucene/lucene-misc/6.6.0/lucene-misc-6.6.0.jar"/>
        <!--Dependency artifact: org.apache.lucene:lucene-queries:jar:6.6.0-->
        <pathelement location="/Users/nicolas/.m2/repository/org/apache/lucene/lucene-queries/6.6.0/lucene-queries-6.6.0.jar"/>
        <!--Dependency artifact: org.apache.lucene:lucene-queryparser:jar:6.6.0-->
        <pathelement location="/Users/nicolas/.m2/repository/org/apache/lucene/lucene-queryparser/6.6.0/lucene-queryparser-6.6.0.jar"/>
        <!--Dependency artifact: org.apache.lucene:lucene-sandbox:jar:6.6.0-->
        <pathelement location="/Users/nicolas/.m2/repository/org/apache/lucene/lucene-sandbox/6.6.0/lucene-sandbox-6.6.0.jar"/>
        <!--Dependency artifact: org.apache.lucene:lucene-spatial:jar:6.6.0-->
        <pathelement location="/Users/nicolas/.m2/repository/org/apache/lucene/lucene-spatial/6.6.0/lucene-spatial-6.6.0.jar"/>
        <!--Dependency artifact: org.apache.lucene:lucene-spatial-extras:jar:6.6.0-->
        <pathelement location="/Users/nicolas/.m2/repository/org/apache/lucene/lucene-spatial-extras/6.6.0/lucene-spatial-extras-6.6.0.jar"/>
        <!--Dependency artifact: org.apache.lucene:lucene-spatial3d:jar:6.6.0-->
        <pathelement location="/Users/nicolas/.m2/repository/org/apache/lucene/lucene-spatial3d/6.6.0/lucene-spatial3d-6.6.0.jar"/>
        <!--Dependency artifact: org.apache.lucene:lucene-suggest:jar:6.6.0-->
        <pathelement location="/Users/nicolas/.m2/repository/org/apache/lucene/lucene-suggest/6.6.0/lucene-suggest-6.6.0.jar"/>
        <!--Dependency artifact: org.elasticsearch:securesm:jar:1.1-->
        <pathelement location="/Users/nicolas/.m2/repository/org/elasticsearch/securesm/1.1/securesm-1.1.jar"/>
        <!--Dependency artifact: net.sf.jopt-simple:jopt-simple:jar:5.0.2-->
        <pathelement location="/Users/nicolas/.m2/repository/net/sf/jopt-simple/jopt-simple/5.0.2/jopt-simple-5.0.2.jar"/>
        <!--Dependency artifact: com.carrotsearch:hppc:jar:0.7.1-->
        <pathelement location="/Users/nicolas/.m2/repository/com/carrotsearch/hppc/0.7.1/hppc-0.7.1.jar"/>
        <!--Dependency artifact: joda-time:joda-time:jar:2.9.5-->
        <pathelement location="/Users/nicolas/.m2/repository/joda-time/joda-time/2.9.5/joda-time-2.9.5.jar"/>
        <!--Dependency artifact: org.yaml:snakeyaml:jar:1.15-->
        <pathelement location="/Users/nicolas/.m2/repository/org/yaml/snakeyaml/1.15/snakeyaml-1.15.jar"/>
        <!--Dependency artifact: com.fasterxml.jackson.core:jackson-core:jar:2.8.6-->
        <pathelement location="/Users/nicolas/.m2/repository/com/fasterxml/jackson/core/jackson-core/2.8.6/jackson-core-2.8.6.jar"/>
        <!--Dependency artifact: com.fasterxml.jackson.dataformat:jackson-dataformat-smile:jar:2.8.6-->
        <pathelement location="/Users/nicolas/.m2/repository/com/fasterxml/jackson/dataformat/jackson-dataformat-smile/2.8.6/jackson-dataformat-smile-2.8.6.jar"/>
        <!--Dependency artifact: com.fasterxml.jackson.dataformat:jackson-dataformat-yaml:jar:2.8.6-->
        <pathelement location="/Users/nicolas/.m2/repository/com/fasterxml/jackson/dataformat/jackson-dataformat-yaml/2.8.6/jackson-dataformat-yaml-2.8.6.jar"/>
        <!--Dependency artifact: com.fasterxml.jackson.dataformat:jackson-dataformat-cbor:jar:2.8.6-->
        <pathelement location="/Users/nicolas/.m2/repository/com/fasterxml/jackson/dataformat/jackson-dataformat-cbor/2.8.6/jackson-dataformat-cbor-2.8.6.jar"/>
        <!--Dependency artifact: com.tdunning:t-digest:jar:3.0-->
        <pathelement location="/Users/nicolas/.m2/repository/com/tdunning/t-digest/3.0/t-digest-3.0.jar"/>
        <!--Dependency artifact: org.hdrhistogram:HdrHistogram:jar:2.1.9-->
        <pathelement location="/Users/nicolas/.m2/repository/org/hdrhistogram/HdrHistogram/2.1.9/HdrHistogram-2.1.9.jar"/>
        <!--Dependency artifact: org.elasticsearch:jna:jar:4.4.0-->
        <pathelement location="/Users/nicolas/.m2/repository/org/elasticsearch/jna/4.4.0/jna-4.4.0.jar"/>
        <!--Dependency artifact: org.elasticsearch.test:framework:jar:5.5.0-->
        <pathelement location="/Users/nicolas/.m2/repository/org/elasticsearch/test/framework/5.5.0/framework-5.5.0.jar"/>
        <!--Dependency artifact: com.carrotsearch.randomizedtesting:randomizedtesting-runner:jar:2.5.0-->
        <pathelement location="/Users/nicolas/.m2/repository/com/carrotsearch/randomizedtesting/randomizedtesting-runner/2.5.0/randomizedtesting-runner-2.5.0.jar"/>
        <!--Dependency artifact: junit:junit:jar:4.12-->
        <pathelement location="/Users/nicolas/.m2/repository/junit/junit/4.12/junit-4.12.jar"/>
        <!--Dependency artifact: org.hamcrest:hamcrest-all:jar:1.3-->
        <pathelement location="/Users/nicolas/.m2/repository/org/hamcrest/hamcrest-all/1.3/hamcrest-all-1.3.jar"/>
        <!--Dependency artifact: org.apache.lucene:lucene-test-framework:jar:6.6.0-->
        <pathelement location="/Users/nicolas/.m2/repository/org/apache/lucene/lucene-test-framework/6.6.0/lucene-test-framework-6.6.0.jar"/>
        <!--Dependency artifact: org.apache.lucene:lucene-codecs:jar:6.6.0-->
        <pathelement location="/Users/nicolas/.m2/repository/org/apache/lucene/lucene-codecs/6.6.0/lucene-codecs-6.6.0.jar"/>
        <!--Dependency artifact: org.elasticsearch.client:rest:jar:5.5.0-->
        <pathelement location="/Users/nicolas/.m2/repository/org/elasticsearch/client/rest/5.5.0/rest-5.5.0.jar"/>
        <!--Dependency artifact: org.apache.httpcomponents:httpasyncclient:jar:4.1.2-->
        <pathelement location="/Users/nicolas/.m2/repository/org/apache/httpcomponents/httpasyncclient/4.1.2/httpasyncclient-4.1.2.jar"/>
        <!--Dependency artifact: org.apache.httpcomponents:httpcore-nio:jar:4.4.5-->
        <pathelement location="/Users/nicolas/.m2/repository/org/apache/httpcomponents/httpcore-nio/4.4.5/httpcore-nio-4.4.5.jar"/>
        <!--Dependency artifact: org.apache.httpcomponents:httpclient:jar:4.5.2-->
        <pathelement location="/Users/nicolas/.m2/repository/org/apache/httpcomponents/httpclient/4.5.2/httpclient-4.5.2.jar"/>
        <!--Dependency artifact: org.apache.httpcomponents:httpcore:jar:4.4.5-->
        <pathelement location="/Users/nicolas/.m2/repository/org/apache/httpcomponents/httpcore/4.4.5/httpcore-4.4.5.jar"/>
        <!--Dependency artifact: commons-logging:commons-logging:jar:1.1.3-->
        <pathelement location="/Users/nicolas/.m2/repository/commons-logging/commons-logging/1.1.3/commons-logging-1.1.3.jar"/>
        <!--Dependency artifact: commons-codec:commons-codec:jar:1.10-->
        <pathelement location="/Users/nicolas/.m2/repository/commons-codec/commons-codec/1.10/commons-codec-1.10.jar"/>
        <!--Dependency artifact: org.elasticsearch:securemock:jar:1.2-->
        <pathelement location="/Users/nicolas/.m2/repository/org/elasticsearch/securemock/1.2/securemock-1.2.jar"/>
        <!--Dependency artifact: net.java.dev.jna:jna:jar:4.1.0-->
        <pathelement location="/Users/nicolas/.m2/repository/net/java/dev/jna/jna/4.1.0/jna-4.1.0.jar"/>
        <!--Dependency artifact: org.apache.logging.log4j:log4j-api:jar:2.7-->
        <pathelement location="/Users/nicolas/.m2/repository/org/apache/logging/log4j/log4j-api/2.7/log4j-api-2.7.jar"/>
        <!--Dependency artifact: org.apache.logging.log4j:log4j-core:jar:2.7-->
        <pathelement location="/Users/nicolas/.m2/repository/org/apache/logging/log4j/log4j-core/2.7/log4j-core-2.7.jar"/>
        <!--Additional classpath elements.-->
      </classpath>
      <listeners> 
        <report-text/> 
      </listeners>
      <assertions enableSystemAssertions="false"> 
        <enable/> 
      </assertions>
    </junit4>
  </target>
</project>
